<?xml version="1.0" encoding="UTF-8"?>
<!-- Generated by org.testng.reporters.JUnitXMLReporter -->
<testsuite ignored="0" hostname="Shubham-Tripathi" failures="1" tests="3" name="Test1" time="64.247" errors="0" timestamp="2024-09-05T21:09:20 IST">
  <testcase classname="testNG_Vtiger.Create_ProductTest" name="CreateProductTest" time="17.342">
    <skipped/>
  </testcase> <!-- CreateProductTest -->
  <testcase classname="testNG_Vtiger.Create_ProductTest" name="CreateProductTest" time="9.379">
    <skipped/>
  </testcase> <!-- CreateProductTest -->
  <testcase classname="testNG_Vtiger.Create_ProductTest" name="CreateProductTest" time="8.758">
    <failure type="java.lang.AssertionError" message="expected [true] but found [false]">
      <![CDATA[java.lang.AssertionError: expected [true] but found [false]
at testNG_Vtiger.Create_ProductTest.CreateProductTest(Create_ProductTest.java:32)
at java.base/java.util.concurrent.ThreadPoolExecutor.runWorker(ThreadPoolExecutor.java:1136)
at java.base/java.util.concurrent.ThreadPoolExecutor$Worker.run(ThreadPoolExecutor.java:635)
at java.base/java.lang.Thread.run(Thread.java:842)
... Removed 18 stack frames]]>
    </failure>
  </testcase> <!-- CreateProductTest -->
</testsuite> <!-- Test1 -->
